2021-05-15 21:36:00,502 INFO  [main] (AdminServlet.java:46) Initializing Webswing Admin Server...
2021-05-15 21:36:01,744 INFO  [main] (AdminInitializer.java:21) Using Temp folder: C:\Users\User\AppData\Local\Temp\release
2021-05-15 21:36:01,751 INFO  [main] (AdminInitializer.java:26) Using Properties file: file:/C:/Users/User/Desktop/webswing-examples-eval-21.1/admin/webswing-admin.properties
2021-05-15 21:36:01,759 ERROR [main] (AdminServlet.java:107) Please change webswing.connection.secret system property to a non-default value in production!
java.lang.IllegalStateException: Please change webswing.connection.secret system property to a non-default value in production!
	at org.webswing.admin.server.AdminServlet.initializeDefaultSystemProperties(AdminServlet.java:107) ~[classes/:?]
	at org.webswing.admin.server.AdminServlet.init(AdminServlet.java:56) ~[classes/:?]
	at javax.servlet.GenericServlet.init(GenericServlet.java:244) ~[WEB-INF_server-lib_javax.servlet-api-3.1.0.jar:3.1.0]
	at org.eclipse.jetty.servlet.ServletHolder.initServlet(ServletHolder.java:624) ~[?:?]
	at org.eclipse.jetty.servlet.ServletHolder.initialize(ServletHolder.java:407) ~[?:?]
	at org.eclipse.jetty.servlet.ServletHandler.lambda$initialize$0(ServletHandler.java:731) ~[?:?]
	at java.util.stream.SortedOps$SizedRefSortingSink.end(Unknown Source) [?:1.8.0_231]
	at java.util.stream.AbstractPipeline.copyInto(Unknown Source) [?:1.8.0_231]
	at java.util.stream.AbstractPipeline.wrapAndCopyInto(Unknown Source) [?:1.8.0_231]
	at java.util.stream.StreamSpliterators$WrappingSpliterator.forEachRemaining(Unknown Source) [?:1.8.0_231]
	at java.util.stream.Streams$ConcatSpliterator.forEachRemaining(Unknown Source) [?:1.8.0_231]
	at java.util.stream.ReferencePipeline$Head.forEach(Unknown Source) [?:1.8.0_231]
	at org.eclipse.jetty.servlet.ServletHandler.initialize(ServletHandler.java:755) [WEB-INF_server-lib_jetty-servlet-9.4.39.v20210325.jar:9.4.39.v20210325]
	at org.eclipse.jetty.servlet.ServletContextHandler.startContext(ServletContextHandler.java:379) [WEB-INF_server-lib_jetty-servlet-9.4.39.v20210325.jar:9.4.39.v20210325]
	at org.eclipse.jetty.webapp.WebAppContext.startWebapp(WebAppContext.java:1449) [WEB-INF_server-lib_jetty-webapp-9.4.39.v20210325.jar:9.4.39.v20210325]
	at org.eclipse.jetty.webapp.WebAppContext.startContext(WebAppContext.java:1414) [WEB-INF_server-lib_jetty-webapp-9.4.39.v20210325.jar:9.4.39.v20210325]
	at org.eclipse.jetty.server.handler.ContextHandler.doStart(ContextHandler.java:911) [WEB-INF_server-lib_jetty-server-9.4.39.v20210325.jar:9.4.39.v20210325]
	at org.eclipse.jetty.servlet.ServletContextHandler.doStart(ServletContextHandler.java:288) [WEB-INF_server-lib_jetty-servlet-9.4.39.v20210325.jar:9.4.39.v20210325]
	at org.eclipse.jetty.webapp.WebAppContext.doStart(WebAppContext.java:524) [WEB-INF_server-lib_jetty-webapp-9.4.39.v20210325.jar:9.4.39.v20210325]
	at org.eclipse.jetty.util.component.AbstractLifeCycle.start(AbstractLifeCycle.java:73) [WEB-INF_server-lib_jetty-util-9.4.39.v20210325.jar:9.4.39.v20210325]
	at org.eclipse.jetty.util.component.ContainerLifeCycle.start(ContainerLifeCycle.java:169) [WEB-INF_server-lib_jetty-util-9.4.39.v20210325.jar:9.4.39.v20210325]
	at org.eclipse.jetty.server.Server.start(Server.java:423) [WEB-INF_server-lib_jetty-server-9.4.39.v20210325.jar:9.4.39.v20210325]
	at org.eclipse.jetty.util.component.ContainerLifeCycle.doStart(ContainerLifeCycle.java:110) [WEB-INF_server-lib_jetty-util-9.4.39.v20210325.jar:9.4.39.v20210325]
	at org.eclipse.jetty.server.handler.AbstractHandler.doStart(AbstractHandler.java:97) [WEB-INF_server-lib_jetty-server-9.4.39.v20210325.jar:9.4.39.v20210325]
	at org.eclipse.jetty.server.Server.doStart(Server.java:387) [WEB-INF_server-lib_jetty-server-9.4.39.v20210325.jar:9.4.39.v20210325]
	at org.eclipse.jetty.util.component.AbstractLifeCycle.start(AbstractLifeCycle.java:73) [WEB-INF_server-lib_jetty-util-9.4.39.v20210325.jar:9.4.39.v20210325]
	at org.webswing.ServerMain.main(ServerMain.java:141) [WEB-INF_server-lib_webswing-server-launcher.jar:?]
	at sun.reflect.NativeMethodAccessorImpl.invoke0(Native Method) ~[?:1.8.0_231]
	at sun.reflect.NativeMethodAccessorImpl.invoke(Unknown Source) ~[?:1.8.0_231]
	at sun.reflect.DelegatingMethodAccessorImpl.invoke(Unknown Source) ~[?:1.8.0_231]
	at java.lang.reflect.Method.invoke(Unknown Source) ~[?:1.8.0_231]
	at main.Main.main(Main.java:105) [webswing-admin-server.war:?]
2021-05-15 21:36:01,842 INFO  [main] (WebSocketUrlLoaderServiceImpl.java:108) Websocket URLs reloaded.
2021-05-15 21:36:01,857 INFO  [main] (DefaultStartupServiceImpl.java:29) Starting service AdminWebSocketServiceImpl
2021-05-15 21:36:01,882 INFO  [Admin Websocket Service Timer] (AdminWebSocketConnectionImpl.java:123) Starting websocket connection to server [ws://localhost:8080].
2021-05-15 21:36:04,674 ERROR [Admin Websocket Service Timer] (AdminWebSocketServiceImpl.java:206) Failed to connect websocket to server [ws://localhost:8080]! Failed to connect to websocket
2021-05-15 21:36:04,675 INFO  [Admin Websocket Service Timer] (AdminWebSocketServiceImpl.java:255) Websocket closed to server id [null], url [ws://localhost:8080]. Reconnect in 5000ms.
2021-05-15 21:36:06,862 WARN  [Admin Websocket Service Timer] (AdminWebSocketConnectionImpl.java:151) Websocket connection to server [ws://localhost:8080] is not open! Ignoring send message.
2021-05-15 21:36:09,680 INFO  [Admin Websocket Service Timer] (AdminWebSocketConnectionImpl.java:123) Starting websocket connection to server [ws://localhost:8080].
2021-05-15 21:36:09,847 INFO  [ tyrus-jdk-client-1] (AdminWebSocketConnectionImpl.java:55) Websocket opened to server [ws://localhost:8080]!
2021-05-15 21:36:12,637 INFO  [ tyrus-jdk-client-2] (AdminGlobalUrlHandler.java:117) Installing application /flatlaf
2021-05-15 21:36:12,799 INFO  [ tyrus-jdk-client-2] (AdminGlobalUrlHandler.java:117) Installing application /netbeans
2021-05-15 21:41:57,968 INFO  [main] (AdminServlet.java:46) Initializing Webswing Admin Server...
2021-05-15 21:41:59,089 INFO  [main] (AdminInitializer.java:21) Using Temp folder: C:\Users\User\AppData\Local\Temp\release
2021-05-15 21:41:59,095 INFO  [main] (AdminInitializer.java:26) Using Properties file: file:/C:/Users/User/Desktop/webswing-examples-eval-21.1/admin/webswing-admin.properties
2021-05-15 21:41:59,103 ERROR [main] (AdminServlet.java:107) Please change webswing.connection.secret system property to a non-default value in production!
java.lang.IllegalStateException: Please change webswing.connection.secret system property to a non-default value in production!
	at org.webswing.admin.server.AdminServlet.initializeDefaultSystemProperties(AdminServlet.java:107) ~[classes/:?]
	at org.webswing.admin.server.AdminServlet.init(AdminServlet.java:56) ~[classes/:?]
	at javax.servlet.GenericServlet.init(GenericServlet.java:244) ~[WEB-INF_server-lib_javax.servlet-api-3.1.0.jar:3.1.0]
	at org.eclipse.jetty.servlet.ServletHolder.initServlet(ServletHolder.java:624) ~[?:?]
	at org.eclipse.jetty.servlet.ServletHolder.initialize(ServletHolder.java:407) ~[?:?]
	at org.eclipse.jetty.servlet.ServletHandler.lambda$initialize$0(ServletHandler.java:731) ~[?:?]
	at java.util.stream.SortedOps$SizedRefSortingSink.end(Unknown Source) [?:1.8.0_231]
	at java.util.stream.AbstractPipeline.copyInto(Unknown Source) [?:1.8.0_231]
	at java.util.stream.AbstractPipeline.wrapAndCopyInto(Unknown Source) [?:1.8.0_231]
	at java.util.stream.StreamSpliterators$WrappingSpliterator.forEachRemaining(Unknown Source) [?:1.8.0_231]
	at java.util.stream.Streams$ConcatSpliterator.forEachRemaining(Unknown Source) [?:1.8.0_231]
	at java.util.stream.ReferencePipeline$Head.forEach(Unknown Source) [?:1.8.0_231]
	at org.eclipse.jetty.servlet.ServletHandler.initialize(ServletHandler.java:755) [WEB-INF_server-lib_jetty-servlet-9.4.39.v20210325.jar:9.4.39.v20210325]
	at org.eclipse.jetty.servlet.ServletContextHandler.startContext(ServletContextHandler.java:379) [WEB-INF_server-lib_jetty-servlet-9.4.39.v20210325.jar:9.4.39.v20210325]
	at org.eclipse.jetty.webapp.WebAppContext.startWebapp(WebAppContext.java:1449) [WEB-INF_server-lib_jetty-webapp-9.4.39.v20210325.jar:9.4.39.v20210325]
	at org.eclipse.jetty.webapp.WebAppContext.startContext(WebAppContext.java:1414) [WEB-INF_server-lib_jetty-webapp-9.4.39.v20210325.jar:9.4.39.v20210325]
	at org.eclipse.jetty.server.handler.ContextHandler.doStart(ContextHandler.java:911) [WEB-INF_server-lib_jetty-server-9.4.39.v20210325.jar:9.4.39.v20210325]
	at org.eclipse.jetty.servlet.ServletContextHandler.doStart(ServletContextHandler.java:288) [WEB-INF_server-lib_jetty-servlet-9.4.39.v20210325.jar:9.4.39.v20210325]
	at org.eclipse.jetty.webapp.WebAppContext.doStart(WebAppContext.java:524) [WEB-INF_server-lib_jetty-webapp-9.4.39.v20210325.jar:9.4.39.v20210325]
	at org.eclipse.jetty.util.component.AbstractLifeCycle.start(AbstractLifeCycle.java:73) [WEB-INF_server-lib_jetty-util-9.4.39.v20210325.jar:9.4.39.v20210325]
	at org.eclipse.jetty.util.component.ContainerLifeCycle.start(ContainerLifeCycle.java:169) [WEB-INF_server-lib_jetty-util-9.4.39.v20210325.jar:9.4.39.v20210325]
	at org.eclipse.jetty.server.Server.start(Server.java:423) [WEB-INF_server-lib_jetty-server-9.4.39.v20210325.jar:9.4.39.v20210325]
	at org.eclipse.jetty.util.component.ContainerLifeCycle.doStart(ContainerLifeCycle.java:110) [WEB-INF_server-lib_jetty-util-9.4.39.v20210325.jar:9.4.39.v20210325]
	at org.eclipse.jetty.server.handler.AbstractHandler.doStart(AbstractHandler.java:97) [WEB-INF_server-lib_jetty-server-9.4.39.v20210325.jar:9.4.39.v20210325]
	at org.eclipse.jetty.server.Server.doStart(Server.java:387) [WEB-INF_server-lib_jetty-server-9.4.39.v20210325.jar:9.4.39.v20210325]
	at org.eclipse.jetty.util.component.AbstractLifeCycle.start(AbstractLifeCycle.java:73) [WEB-INF_server-lib_jetty-util-9.4.39.v20210325.jar:9.4.39.v20210325]
	at org.webswing.ServerMain.main(ServerMain.java:141) [WEB-INF_server-lib_webswing-server-launcher.jar:?]
	at sun.reflect.NativeMethodAccessorImpl.invoke0(Native Method) ~[?:1.8.0_231]
	at sun.reflect.NativeMethodAccessorImpl.invoke(Unknown Source) ~[?:1.8.0_231]
	at sun.reflect.DelegatingMethodAccessorImpl.invoke(Unknown Source) ~[?:1.8.0_231]
	at java.lang.reflect.Method.invoke(Unknown Source) ~[?:1.8.0_231]
	at main.Main.main(Main.java:105) [webswing-admin-server.war:?]
2021-05-15 21:41:59,183 INFO  [main] (WebSocketUrlLoaderServiceImpl.java:108) Websocket URLs reloaded.
2021-05-15 21:41:59,198 INFO  [main] (DefaultStartupServiceImpl.java:29) Starting service AdminWebSocketServiceImpl
2021-05-15 21:41:59,227 INFO  [Admin Websocket Service Timer] (AdminWebSocketConnectionImpl.java:123) Starting websocket connection to server [ws://localhost:8080].
2021-05-15 21:42:01,023 INFO  [ tyrus-jdk-client-1] (AdminWebSocketConnectionImpl.java:55) Websocket opened to server [ws://localhost:8080]!
2021-05-15 21:42:04,656 INFO  [ tyrus-jdk-client-2] (AdminGlobalUrlHandler.java:117) Installing application /flatlaf
2021-05-15 21:42:04,848 INFO  [ tyrus-jdk-client-2] (AdminGlobalUrlHandler.java:117) Installing application /netbeans
2021-05-15 21:48:24,878 ERROR [qtp13452226-41] (DefaultRestUrlHandlerImpl.java:318) Rest exception: org.webswing.server.model.exception.WsException: User 'null' is not allowed to execute action 'master_basic_access'
org.webswing.admin.server.services.rest.resources.RestException: org.webswing.server.model.exception.WsException: User 'null' is not allowed to execute action 'master_basic_access'
	at org.webswing.admin.server.services.rest.resources.GlobalRestService.getPermissions(GlobalRestService.java:159) ~[classes/:?]
	at sun.reflect.NativeMethodAccessorImpl.invoke0(Native Method) ~[?:1.8.0_231]
	at sun.reflect.NativeMethodAccessorImpl.invoke(Unknown Source) ~[?:1.8.0_231]
	at sun.reflect.DelegatingMethodAccessorImpl.invoke(Unknown Source) ~[?:1.8.0_231]
	at java.lang.reflect.Method.invoke(Unknown Source) ~[?:1.8.0_231]
	at org.glassfish.jersey.server.model.internal.ResourceMethodInvocationHandlerFactory.lambda$static$0(ResourceMethodInvocationHandlerFactory.java:52) ~[jersey-server-2.31.jar:?]
	at org.glassfish.jersey.server.model.internal.AbstractJavaResourceMethodDispatcher$1.run(AbstractJavaResourceMethodDispatcher.java:124) ~[jersey-server-2.31.jar:?]
	at org.glassfish.jersey.server.model.internal.AbstractJavaResourceMethodDispatcher.invoke(AbstractJavaResourceMethodDispatcher.java:167) ~[jersey-server-2.31.jar:?]
	at org.glassfish.jersey.server.model.internal.JavaResourceMethodDispatcherProvider$TypeOutInvoker.doDispatch(JavaResourceMethodDispatcherProvider.java:219) ~[jersey-server-2.31.jar:?]
	at org.glassfish.jersey.server.model.internal.AbstractJavaResourceMethodDispatcher.dispatch(AbstractJavaResourceMethodDispatcher.java:79) ~[jersey-server-2.31.jar:?]
	at org.glassfish.jersey.server.model.ResourceMethodInvoker.invoke(ResourceMethodInvoker.java:469) ~[jersey-server-2.31.jar:?]
	at org.glassfish.jersey.server.model.ResourceMethodInvoker.apply(ResourceMethodInvoker.java:391) ~[jersey-server-2.31.jar:?]
	at org.glassfish.jersey.server.model.ResourceMethodInvoker.apply(ResourceMethodInvoker.java:80) ~[jersey-server-2.31.jar:?]
	at org.glassfish.jersey.server.ServerRuntime$1.run(ServerRuntime.java:253) ~[jersey-server-2.31.jar:?]
	at org.glassfish.jersey.internal.Errors$1.call(Errors.java:248) ~[jersey-common-2.31.jar:?]
	at org.glassfish.jersey.internal.Errors$1.call(Errors.java:244) ~[jersey-common-2.31.jar:?]
	at org.glassfish.jersey.internal.Errors.process(Errors.java:292) ~[jersey-common-2.31.jar:?]
	at org.glassfish.jersey.internal.Errors.process(Errors.java:274) ~[jersey-common-2.31.jar:?]
	at org.glassfish.jersey.internal.Errors.process(Errors.java:244) ~[jersey-common-2.31.jar:?]
	at org.glassfish.jersey.process.internal.RequestScope.runInScope(RequestScope.java:265) ~[jersey-common-2.31.jar:?]
	at org.glassfish.jersey.server.ServerRuntime.process(ServerRuntime.java:232) ~[jersey-server-2.31.jar:?]
	at org.glassfish.jersey.server.ApplicationHandler.handle(ApplicationHandler.java:680) ~[jersey-server-2.31.jar:?]
	at org.webswing.admin.server.services.rest.impl.DefaultRestUrlHandlerImpl.serve(DefaultRestUrlHandlerImpl.java:116) ~[classes/:?]
	at org.webswing.admin.server.base.AbstractUrlHandler.serve(AbstractUrlHandler.java:69) ~[classes/:?]
	at org.webswing.admin.server.base.AdminPrimaryUrlHandler.serve(AdminPrimaryUrlHandler.java:49) ~[classes/:?]
	at org.webswing.admin.server.AdminGlobalUrlHandler.serve(AdminGlobalUrlHandler.java:74) ~[classes/:?]
	at org.webswing.admin.server.base.AbstractUrlHandler.secureServe(AbstractUrlHandler.java:80) ~[classes/:?]
	at org.webswing.admin.server.services.security.impl.AdminSecurityManagerServiceImpl.lambda$secure$0(AdminSecurityManagerServiceImpl.java:31) ~[classes/:?]
	at org.webswing.admin.server.services.security.impl.AdminSecuritySubject.execute(AdminSecuritySubject.java:82) ~[classes/:?]
	at org.webswing.admin.server.services.security.impl.AdminSecurityManagerServiceImpl.secure(AdminSecurityManagerServiceImpl.java:31) ~[classes/:?]
	at org.webswing.admin.server.AdminServlet.handleRequest(AdminServlet.java:112) ~[classes/:?]
	at org.webswing.admin.server.AdminServlet.doGet(AdminServlet.java:156) ~[classes/:?]
	at javax.servlet.http.HttpServlet.service(HttpServlet.java:687) ~[WEB-INF_server-lib_javax.servlet-api-3.1.0.jar:3.1.0]
	at javax.servlet.http.HttpServlet.service(HttpServlet.java:790) ~[WEB-INF_server-lib_javax.servlet-api-3.1.0.jar:3.1.0]
	at org.eclipse.jetty.servlet.ServletHolder.handle(ServletHolder.java:791) ~[WEB-INF_server-lib_jetty-servlet-9.4.39.v20210325.jar:9.4.39.v20210325]
	at org.eclipse.jetty.servlet.ServletHandler$ChainEnd.doFilter(ServletHandler.java:1626) ~[WEB-INF_server-lib_jetty-servlet-9.4.39.v20210325.jar:9.4.39.v20210325]
	at org.eclipse.jetty.websocket.server.WebSocketUpgradeFilter.doFilter(WebSocketUpgradeFilter.java:228) ~[WEB-INF_server-lib_websocket-server-9.4.39.v20210325.jar:9.4.39.v20210325]
	at org.eclipse.jetty.servlet.FilterHolder.doFilter(FilterHolder.java:193) ~[WEB-INF_server-lib_jetty-servlet-9.4.39.v20210325.jar:9.4.39.v20210325]
	at org.eclipse.jetty.servlet.ServletHandler$Chain.doFilter(ServletHandler.java:1601) ~[WEB-INF_server-lib_jetty-servlet-9.4.39.v20210325.jar:9.4.39.v20210325]
	at org.eclipse.jetty.servlet.ServletHandler.doHandle(ServletHandler.java:548) ~[WEB-INF_server-lib_jetty-servlet-9.4.39.v20210325.jar:9.4.39.v20210325]
	at org.eclipse.jetty.server.handler.ScopedHandler.handle(ScopedHandler.java:143) ~[WEB-INF_server-lib_jetty-server-9.4.39.v20210325.jar:9.4.39.v20210325]
	at org.eclipse.jetty.security.SecurityHandler.handle(SecurityHandler.java:602) ~[WEB-INF_server-lib_jetty-security-9.4.39.v20210325.jar:9.4.39.v20210325]
	at org.eclipse.jetty.server.handler.HandlerWrapper.handle(HandlerWrapper.java:127) ~[WEB-INF_server-lib_jetty-server-9.4.39.v20210325.jar:9.4.39.v20210325]
	at org.eclipse.jetty.server.handler.ScopedHandler.nextHandle(ScopedHandler.java:235) ~[WEB-INF_server-lib_jetty-server-9.4.39.v20210325.jar:9.4.39.v20210325]
	at org.eclipse.jetty.server.session.SessionHandler.doHandle(SessionHandler.java:1624) ~[WEB-INF_server-lib_jetty-server-9.4.39.v20210325.jar:9.4.39.v20210325]
	at org.eclipse.jetty.server.handler.ScopedHandler.nextHandle(ScopedHandler.java:233) ~[WEB-INF_server-lib_jetty-server-9.4.39.v20210325.jar:9.4.39.v20210325]
	at org.eclipse.jetty.server.handler.ContextHandler.doHandle(ContextHandler.java:1435) ~[WEB-INF_server-lib_jetty-server-9.4.39.v20210325.jar:9.4.39.v20210325]
	at org.eclipse.jetty.server.handler.ScopedHandler.nextScope(ScopedHandler.java:188) ~[WEB-INF_server-lib_jetty-server-9.4.39.v20210325.jar:9.4.39.v20210325]
	at org.eclipse.jetty.servlet.ServletHandler.doScope(ServletHandler.java:501) ~[WEB-INF_server-lib_jetty-servlet-9.4.39.v20210325.jar:9.4.39.v20210325]
	at org.eclipse.jetty.server.session.SessionHandler.doScope(SessionHandler.java:1594) ~[WEB-INF_server-lib_jetty-server-9.4.39.v20210325.jar:9.4.39.v20210325]
	at org.eclipse.jetty.server.handler.ScopedHandler.nextScope(ScopedHandler.java:186) ~[WEB-INF_server-lib_jetty-server-9.4.39.v20210325.jar:9.4.39.v20210325]
	at org.eclipse.jetty.server.handler.ContextHandler.doScope(ContextHandler.java:1350) ~[WEB-INF_server-lib_jetty-server-9.4.39.v20210325.jar:9.4.39.v20210325]
	at org.eclipse.jetty.server.handler.ScopedHandler.handle(ScopedHandler.java:141) ~[WEB-INF_server-lib_jetty-server-9.4.39.v20210325.jar:9.4.39.v20210325]
	at org.eclipse.jetty.server.handler.HandlerWrapper.handle(HandlerWrapper.java:127) ~[WEB-INF_server-lib_jetty-server-9.4.39.v20210325.jar:9.4.39.v20210325]
	at org.eclipse.jetty.server.Server.handle(Server.java:516) ~[WEB-INF_server-lib_jetty-server-9.4.39.v20210325.jar:9.4.39.v20210325]
	at org.eclipse.jetty.server.HttpChannel.lambda$handle$1(HttpChannel.java:388) ~[WEB-INF_server-lib_jetty-server-9.4.39.v20210325.jar:9.4.39.v20210325]
	at org.eclipse.jetty.server.HttpChannel.dispatch(HttpChannel.java:633) [WEB-INF_server-lib_jetty-server-9.4.39.v20210325.jar:9.4.39.v20210325]
	at org.eclipse.jetty.server.HttpChannel.handle(HttpChannel.java:380) [WEB-INF_server-lib_jetty-server-9.4.39.v20210325.jar:9.4.39.v20210325]
	at org.eclipse.jetty.server.HttpConnection.onFillable(HttpConnection.java:279) [WEB-INF_server-lib_jetty-server-9.4.39.v20210325.jar:9.4.39.v20210325]
	at org.eclipse.jetty.io.AbstractConnection$ReadCallback.succeeded(AbstractConnection.java:311) [WEB-INF_server-lib_jetty-io-9.4.39.v20210325.jar:9.4.39.v20210325]
	at org.eclipse.jetty.io.FillInterest.fillable(FillInterest.java:105) [WEB-INF_server-lib_jetty-io-9.4.39.v20210325.jar:9.4.39.v20210325]
	at org.eclipse.jetty.io.ChannelEndPoint$1.run(ChannelEndPoint.java:104) [WEB-INF_server-lib_jetty-io-9.4.39.v20210325.jar:9.4.39.v20210325]
	at org.eclipse.jetty.util.thread.strategy.EatWhatYouKill.runTask(EatWhatYouKill.java:336) [WEB-INF_server-lib_jetty-util-9.4.39.v20210325.jar:9.4.39.v20210325]
	at org.eclipse.jetty.util.thread.strategy.EatWhatYouKill.doProduce(EatWhatYouKill.java:313) [WEB-INF_server-lib_jetty-util-9.4.39.v20210325.jar:9.4.39.v20210325]
	at org.eclipse.jetty.util.thread.strategy.EatWhatYouKill.tryProduce(EatWhatYouKill.java:171) [WEB-INF_server-lib_jetty-util-9.4.39.v20210325.jar:9.4.39.v20210325]
	at org.eclipse.jetty.util.thread.strategy.EatWhatYouKill.run(EatWhatYouKill.java:129) [WEB-INF_server-lib_jetty-util-9.4.39.v20210325.jar:9.4.39.v20210325]
	at org.eclipse.jetty.util.thread.ReservedThreadExecutor$ReservedThread.run(ReservedThreadExecutor.java:383) [WEB-INF_server-lib_jetty-util-9.4.39.v20210325.jar:9.4.39.v20210325]
	at org.eclipse.jetty.util.thread.QueuedThreadPool.runJob(QueuedThreadPool.java:882) [WEB-INF_server-lib_jetty-util-9.4.39.v20210325.jar:9.4.39.v20210325]
	at org.eclipse.jetty.util.thread.QueuedThreadPool$Runner.run(QueuedThreadPool.java:1036) [WEB-INF_server-lib_jetty-util-9.4.39.v20210325.jar:9.4.39.v20210325]
	at java.lang.Thread.run(Unknown Source) [?:1.8.0_231]
Caused by: org.webswing.server.model.exception.WsException: User 'null' is not allowed to execute action 'master_basic_access'
	at org.webswing.admin.server.base.AbstractUrlHandler.checkPermission(AbstractUrlHandler.java:214) ~[classes/:?]
	at org.webswing.admin.server.base.AbstractUrlHandler.checkMasterPermission(AbstractUrlHandler.java:196) ~[classes/:?]
	at org.webswing.admin.server.services.rest.resources.GlobalRestService.getPermissions(GlobalRestService.java:149) ~[classes/:?]
	... 69 more
2021-05-15 21:49:25,023 INFO  [ tyrus-jdk-client-5] (AdminGlobalUrlHandler.java:117) Installing application /myapp
2021-05-16 22:50:57,168 ERROR [qtp13452226-11] (DefaultRestUrlHandlerImpl.java:318) Rest exception: org.webswing.server.model.exception.WsException: User 'null' is not allowed to execute action 'master_basic_access'
org.webswing.admin.server.services.rest.resources.RestException: org.webswing.server.model.exception.WsException: User 'null' is not allowed to execute action 'master_basic_access'
	at org.webswing.admin.server.services.rest.resources.GlobalRestService.getPermissions(GlobalRestService.java:159) ~[classes/:?]
	at sun.reflect.NativeMethodAccessorImpl.invoke0(Native Method) ~[?:1.8.0_231]
	at sun.reflect.NativeMethodAccessorImpl.invoke(Unknown Source) ~[?:1.8.0_231]
	at sun.reflect.DelegatingMethodAccessorImpl.invoke(Unknown Source) ~[?:1.8.0_231]
	at java.lang.reflect.Method.invoke(Unknown Source) ~[?:1.8.0_231]
	at org.glassfish.jersey.server.model.internal.ResourceMethodInvocationHandlerFactory.lambda$static$0(ResourceMethodInvocationHandlerFactory.java:52) ~[jersey-server-2.31.jar:?]
	at org.glassfish.jersey.server.model.internal.AbstractJavaResourceMethodDispatcher$1.run(AbstractJavaResourceMethodDispatcher.java:124) ~[jersey-server-2.31.jar:?]
	at org.glassfish.jersey.server.model.internal.AbstractJavaResourceMethodDispatcher.invoke(AbstractJavaResourceMethodDispatcher.java:167) ~[jersey-server-2.31.jar:?]
	at org.glassfish.jersey.server.model.internal.JavaResourceMethodDispatcherProvider$TypeOutInvoker.doDispatch(JavaResourceMethodDispatcherProvider.java:219) ~[jersey-server-2.31.jar:?]
	at org.glassfish.jersey.server.model.internal.AbstractJavaResourceMethodDispatcher.dispatch(AbstractJavaResourceMethodDispatcher.java:79) ~[jersey-server-2.31.jar:?]
	at org.glassfish.jersey.server.model.ResourceMethodInvoker.invoke(ResourceMethodInvoker.java:469) ~[jersey-server-2.31.jar:?]
	at org.glassfish.jersey.server.model.ResourceMethodInvoker.apply(ResourceMethodInvoker.java:391) ~[jersey-server-2.31.jar:?]
	at org.glassfish.jersey.server.model.ResourceMethodInvoker.apply(ResourceMethodInvoker.java:80) ~[jersey-server-2.31.jar:?]
	at org.glassfish.jersey.server.ServerRuntime$1.run(ServerRuntime.java:253) ~[jersey-server-2.31.jar:?]
	at org.glassfish.jersey.internal.Errors$1.call(Errors.java:248) ~[jersey-common-2.31.jar:?]
	at org.glassfish.jersey.internal.Errors$1.call(Errors.java:244) ~[jersey-common-2.31.jar:?]
	at org.glassfish.jersey.internal.Errors.process(Errors.java:292) ~[jersey-common-2.31.jar:?]
	at org.glassfish.jersey.internal.Errors.process(Errors.java:274) ~[jersey-common-2.31.jar:?]
	at org.glassfish.jersey.internal.Errors.process(Errors.java:244) ~[jersey-common-2.31.jar:?]
	at org.glassfish.jersey.process.internal.RequestScope.runInScope(RequestScope.java:265) ~[jersey-common-2.31.jar:?]
	at org.glassfish.jersey.server.ServerRuntime.process(ServerRuntime.java:232) ~[jersey-server-2.31.jar:?]
	at org.glassfish.jersey.server.ApplicationHandler.handle(ApplicationHandler.java:680) ~[jersey-server-2.31.jar:?]
	at org.webswing.admin.server.services.rest.impl.DefaultRestUrlHandlerImpl.serve(DefaultRestUrlHandlerImpl.java:116) ~[classes/:?]
	at org.webswing.admin.server.base.AbstractUrlHandler.serve(AbstractUrlHandler.java:69) ~[classes/:?]
	at org.webswing.admin.server.base.AdminPrimaryUrlHandler.serve(AdminPrimaryUrlHandler.java:49) ~[classes/:?]
	at org.webswing.admin.server.AdminGlobalUrlHandler.serve(AdminGlobalUrlHandler.java:74) ~[classes/:?]
	at org.webswing.admin.server.base.AbstractUrlHandler.secureServe(AbstractUrlHandler.java:80) ~[classes/:?]
	at org.webswing.admin.server.services.security.impl.AdminSecurityManagerServiceImpl.lambda$secure$0(AdminSecurityManagerServiceImpl.java:31) ~[classes/:?]
	at org.webswing.admin.server.services.security.impl.AdminSecuritySubject.execute(AdminSecuritySubject.java:82) ~[classes/:?]
	at org.webswing.admin.server.services.security.impl.AdminSecurityManagerServiceImpl.secure(AdminSecurityManagerServiceImpl.java:31) ~[classes/:?]
	at org.webswing.admin.server.AdminServlet.handleRequest(AdminServlet.java:112) ~[classes/:?]
	at org.webswing.admin.server.AdminServlet.doGet(AdminServlet.java:156) ~[classes/:?]
	at javax.servlet.http.HttpServlet.service(HttpServlet.java:687) ~[WEB-INF_server-lib_javax.servlet-api-3.1.0.jar:3.1.0]
	at javax.servlet.http.HttpServlet.service(HttpServlet.java:790) ~[WEB-INF_server-lib_javax.servlet-api-3.1.0.jar:3.1.0]
	at org.eclipse.jetty.servlet.ServletHolder.handle(ServletHolder.java:791) ~[WEB-INF_server-lib_jetty-servlet-9.4.39.v20210325.jar:9.4.39.v20210325]
	at org.eclipse.jetty.servlet.ServletHandler$ChainEnd.doFilter(ServletHandler.java:1626) ~[WEB-INF_server-lib_jetty-servlet-9.4.39.v20210325.jar:9.4.39.v20210325]
	at org.eclipse.jetty.websocket.server.WebSocketUpgradeFilter.doFilter(WebSocketUpgradeFilter.java:228) ~[WEB-INF_server-lib_websocket-server-9.4.39.v20210325.jar:9.4.39.v20210325]
	at org.eclipse.jetty.servlet.FilterHolder.doFilter(FilterHolder.java:193) ~[WEB-INF_server-lib_jetty-servlet-9.4.39.v20210325.jar:9.4.39.v20210325]
	at org.eclipse.jetty.servlet.ServletHandler$Chain.doFilter(ServletHandler.java:1601) ~[WEB-INF_server-lib_jetty-servlet-9.4.39.v20210325.jar:9.4.39.v20210325]
	at org.eclipse.jetty.servlet.ServletHandler.doHandle(ServletHandler.java:548) ~[WEB-INF_server-lib_jetty-servlet-9.4.39.v20210325.jar:9.4.39.v20210325]
	at org.eclipse.jetty.server.handler.ScopedHandler.handle(ScopedHandler.java:143) ~[WEB-INF_server-lib_jetty-server-9.4.39.v20210325.jar:9.4.39.v20210325]
	at org.eclipse.jetty.security.SecurityHandler.handle(SecurityHandler.java:602) ~[WEB-INF_server-lib_jetty-security-9.4.39.v20210325.jar:9.4.39.v20210325]
	at org.eclipse.jetty.server.handler.HandlerWrapper.handle(HandlerWrapper.java:127) ~[WEB-INF_server-lib_jetty-server-9.4.39.v20210325.jar:9.4.39.v20210325]
	at org.eclipse.jetty.server.handler.ScopedHandler.nextHandle(ScopedHandler.java:235) ~[WEB-INF_server-lib_jetty-server-9.4.39.v20210325.jar:9.4.39.v20210325]
	at org.eclipse.jetty.server.session.SessionHandler.doHandle(SessionHandler.java:1624) ~[WEB-INF_server-lib_jetty-server-9.4.39.v20210325.jar:9.4.39.v20210325]
	at org.eclipse.jetty.server.handler.ScopedHandler.nextHandle(ScopedHandler.java:233) ~[WEB-INF_server-lib_jetty-server-9.4.39.v20210325.jar:9.4.39.v20210325]
	at org.eclipse.jetty.server.handler.ContextHandler.doHandle(ContextHandler.java:1435) ~[WEB-INF_server-lib_jetty-server-9.4.39.v20210325.jar:9.4.39.v20210325]
	at org.eclipse.jetty.server.handler.ScopedHandler.nextScope(ScopedHandler.java:188) ~[WEB-INF_server-lib_jetty-server-9.4.39.v20210325.jar:9.4.39.v20210325]
	at org.eclipse.jetty.servlet.ServletHandler.doScope(ServletHandler.java:501) ~[WEB-INF_server-lib_jetty-servlet-9.4.39.v20210325.jar:9.4.39.v20210325]
	at org.eclipse.jetty.server.session.SessionHandler.doScope(SessionHandler.java:1594) ~[WEB-INF_server-lib_jetty-server-9.4.39.v20210325.jar:9.4.39.v20210325]
	at org.eclipse.jetty.server.handler.ScopedHandler.nextScope(ScopedHandler.java:186) ~[WEB-INF_server-lib_jetty-server-9.4.39.v20210325.jar:9.4.39.v20210325]
	at org.eclipse.jetty.server.handler.ContextHandler.doScope(ContextHandler.java:1350) ~[WEB-INF_server-lib_jetty-server-9.4.39.v20210325.jar:9.4.39.v20210325]
	at org.eclipse.jetty.server.handler.ScopedHandler.handle(ScopedHandler.java:141) ~[WEB-INF_server-lib_jetty-server-9.4.39.v20210325.jar:9.4.39.v20210325]
	at org.eclipse.jetty.server.handler.HandlerWrapper.handle(HandlerWrapper.java:127) ~[WEB-INF_server-lib_jetty-server-9.4.39.v20210325.jar:9.4.39.v20210325]
	at org.eclipse.jetty.server.Server.handle(Server.java:516) ~[WEB-INF_server-lib_jetty-server-9.4.39.v20210325.jar:9.4.39.v20210325]
	at org.eclipse.jetty.server.HttpChannel.lambda$handle$1(HttpChannel.java:388) ~[WEB-INF_server-lib_jetty-server-9.4.39.v20210325.jar:9.4.39.v20210325]
	at org.eclipse.jetty.server.HttpChannel.dispatch(HttpChannel.java:633) [WEB-INF_server-lib_jetty-server-9.4.39.v20210325.jar:9.4.39.v20210325]
	at org.eclipse.jetty.server.HttpChannel.handle(HttpChannel.java:380) [WEB-INF_server-lib_jetty-server-9.4.39.v20210325.jar:9.4.39.v20210325]
	at org.eclipse.jetty.server.HttpConnection.onFillable(HttpConnection.java:279) [WEB-INF_server-lib_jetty-server-9.4.39.v20210325.jar:9.4.39.v20210325]
	at org.eclipse.jetty.io.AbstractConnection$ReadCallback.succeeded(AbstractConnection.java:311) [WEB-INF_server-lib_jetty-io-9.4.39.v20210325.jar:9.4.39.v20210325]
	at org.eclipse.jetty.io.FillInterest.fillable(FillInterest.java:105) [WEB-INF_server-lib_jetty-io-9.4.39.v20210325.jar:9.4.39.v20210325]
	at org.eclipse.jetty.io.ChannelEndPoint$1.run(ChannelEndPoint.java:104) [WEB-INF_server-lib_jetty-io-9.4.39.v20210325.jar:9.4.39.v20210325]
	at org.eclipse.jetty.util.thread.strategy.EatWhatYouKill.runTask(EatWhatYouKill.java:336) [WEB-INF_server-lib_jetty-util-9.4.39.v20210325.jar:9.4.39.v20210325]
	at org.eclipse.jetty.util.thread.strategy.EatWhatYouKill.doProduce(EatWhatYouKill.java:313) [WEB-INF_server-lib_jetty-util-9.4.39.v20210325.jar:9.4.39.v20210325]
	at org.eclipse.jetty.util.thread.strategy.EatWhatYouKill.tryProduce(EatWhatYouKill.java:171) [WEB-INF_server-lib_jetty-util-9.4.39.v20210325.jar:9.4.39.v20210325]
	at org.eclipse.jetty.util.thread.strategy.EatWhatYouKill.run(EatWhatYouKill.java:129) [WEB-INF_server-lib_jetty-util-9.4.39.v20210325.jar:9.4.39.v20210325]
	at org.eclipse.jetty.util.thread.ReservedThreadExecutor$ReservedThread.run(ReservedThreadExecutor.java:383) [WEB-INF_server-lib_jetty-util-9.4.39.v20210325.jar:9.4.39.v20210325]
	at org.eclipse.jetty.util.thread.QueuedThreadPool.runJob(QueuedThreadPool.java:882) [WEB-INF_server-lib_jetty-util-9.4.39.v20210325.jar:9.4.39.v20210325]
	at org.eclipse.jetty.util.thread.QueuedThreadPool$Runner.run(QueuedThreadPool.java:1036) [WEB-INF_server-lib_jetty-util-9.4.39.v20210325.jar:9.4.39.v20210325]
	at java.lang.Thread.run(Unknown Source) [?:1.8.0_231]
Caused by: org.webswing.server.model.exception.WsException: User 'null' is not allowed to execute action 'master_basic_access'
	at org.webswing.admin.server.base.AbstractUrlHandler.checkPermission(AbstractUrlHandler.java:214) ~[classes/:?]
	at org.webswing.admin.server.base.AbstractUrlHandler.checkMasterPermission(AbstractUrlHandler.java:196) ~[classes/:?]
	at org.webswing.admin.server.services.rest.resources.GlobalRestService.getPermissions(GlobalRestService.java:149) ~[classes/:?]
	... 69 more
2021-05-17 01:49:31,582 INFO  [main] (AdminServlet.java:46) Initializing Webswing Admin Server...
2021-05-17 01:49:32,827 INFO  [main] (AdminInitializer.java:21) Using Temp folder: C:\Users\User\AppData\Local\Temp\release
2021-05-17 01:49:32,853 INFO  [main] (AdminInitializer.java:26) Using Properties file: file:/C:/Users/User/Desktop/webswing-examples-eval-21.1/admin/webswing-admin.properties
2021-05-17 01:49:32,881 ERROR [main] (AdminServlet.java:107) Please change webswing.connection.secret system property to a non-default value in production!
java.lang.IllegalStateException: Please change webswing.connection.secret system property to a non-default value in production!
	at org.webswing.admin.server.AdminServlet.initializeDefaultSystemProperties(AdminServlet.java:107) ~[classes/:?]
	at org.webswing.admin.server.AdminServlet.init(AdminServlet.java:56) ~[classes/:?]
	at javax.servlet.GenericServlet.init(GenericServlet.java:244) ~[WEB-INF_server-lib_javax.servlet-api-3.1.0.jar:3.1.0]
	at org.eclipse.jetty.servlet.ServletHolder.initServlet(ServletHolder.java:624) ~[?:?]
	at org.eclipse.jetty.servlet.ServletHolder.initialize(ServletHolder.java:407) ~[?:?]
	at org.eclipse.jetty.servlet.ServletHandler.lambda$initialize$0(ServletHandler.java:731) ~[?:?]
	at java.util.stream.SortedOps$SizedRefSortingSink.end(Unknown Source) [?:1.8.0_291]
	at java.util.stream.AbstractPipeline.copyInto(Unknown Source) [?:1.8.0_291]
	at java.util.stream.AbstractPipeline.wrapAndCopyInto(Unknown Source) [?:1.8.0_291]
	at java.util.stream.StreamSpliterators$WrappingSpliterator.forEachRemaining(Unknown Source) [?:1.8.0_291]
	at java.util.stream.Streams$ConcatSpliterator.forEachRemaining(Unknown Source) [?:1.8.0_291]
	at java.util.stream.ReferencePipeline$Head.forEach(Unknown Source) [?:1.8.0_291]
	at org.eclipse.jetty.servlet.ServletHandler.initialize(ServletHandler.java:755) [WEB-INF_server-lib_jetty-servlet-9.4.39.v20210325.jar:9.4.39.v20210325]
	at org.eclipse.jetty.servlet.ServletContextHandler.startContext(ServletContextHandler.java:379) [WEB-INF_server-lib_jetty-servlet-9.4.39.v20210325.jar:9.4.39.v20210325]
	at org.eclipse.jetty.webapp.WebAppContext.startWebapp(WebAppContext.java:1449) [WEB-INF_server-lib_jetty-webapp-9.4.39.v20210325.jar:9.4.39.v20210325]
	at org.eclipse.jetty.webapp.WebAppContext.startContext(WebAppContext.java:1414) [WEB-INF_server-lib_jetty-webapp-9.4.39.v20210325.jar:9.4.39.v20210325]
	at org.eclipse.jetty.server.handler.ContextHandler.doStart(ContextHandler.java:911) [WEB-INF_server-lib_jetty-server-9.4.39.v20210325.jar:9.4.39.v20210325]
	at org.eclipse.jetty.servlet.ServletContextHandler.doStart(ServletContextHandler.java:288) [WEB-INF_server-lib_jetty-servlet-9.4.39.v20210325.jar:9.4.39.v20210325]
	at org.eclipse.jetty.webapp.WebAppContext.doStart(WebAppContext.java:524) [WEB-INF_server-lib_jetty-webapp-9.4.39.v20210325.jar:9.4.39.v20210325]
	at org.eclipse.jetty.util.component.AbstractLifeCycle.start(AbstractLifeCycle.java:73) [WEB-INF_server-lib_jetty-util-9.4.39.v20210325.jar:9.4.39.v20210325]
	at org.eclipse.jetty.util.component.ContainerLifeCycle.start(ContainerLifeCycle.java:169) [WEB-INF_server-lib_jetty-util-9.4.39.v20210325.jar:9.4.39.v20210325]
	at org.eclipse.jetty.server.Server.start(Server.java:423) [WEB-INF_server-lib_jetty-server-9.4.39.v20210325.jar:9.4.39.v20210325]
	at org.eclipse.jetty.util.component.ContainerLifeCycle.doStart(ContainerLifeCycle.java:110) [WEB-INF_server-lib_jetty-util-9.4.39.v20210325.jar:9.4.39.v20210325]
	at org.eclipse.jetty.server.handler.AbstractHandler.doStart(AbstractHandler.java:97) [WEB-INF_server-lib_jetty-server-9.4.39.v20210325.jar:9.4.39.v20210325]
	at org.eclipse.jetty.server.Server.doStart(Server.java:387) [WEB-INF_server-lib_jetty-server-9.4.39.v20210325.jar:9.4.39.v20210325]
	at org.eclipse.jetty.util.component.AbstractLifeCycle.start(AbstractLifeCycle.java:73) [WEB-INF_server-lib_jetty-util-9.4.39.v20210325.jar:9.4.39.v20210325]
	at org.webswing.ServerMain.main(ServerMain.java:141) [WEB-INF_server-lib_webswing-server-launcher.jar:?]
	at sun.reflect.NativeMethodAccessorImpl.invoke0(Native Method) ~[?:1.8.0_291]
	at sun.reflect.NativeMethodAccessorImpl.invoke(Unknown Source) ~[?:1.8.0_291]
	at sun.reflect.DelegatingMethodAccessorImpl.invoke(Unknown Source) ~[?:1.8.0_291]
	at java.lang.reflect.Method.invoke(Unknown Source) ~[?:1.8.0_291]
	at main.Main.main(Main.java:105) [webswing-admin-server.war:?]
2021-05-17 01:49:32,996 INFO  [main] (WebSocketUrlLoaderServiceImpl.java:108) Websocket URLs reloaded.
2021-05-17 01:49:33,018 INFO  [main] (DefaultStartupServiceImpl.java:29) Starting service AdminWebSocketServiceImpl
2021-05-17 01:49:33,048 INFO  [Admin Websocket Service Timer] (AdminWebSocketConnectionImpl.java:123) Starting websocket connection to server [ws://localhost:8080].
2021-05-17 01:49:36,029 INFO  [ tyrus-jdk-client-2] (AdminWebSocketConnectionImpl.java:55) Websocket opened to server [ws://localhost:8080]!
2021-05-17 01:49:46,310 INFO  [ tyrus-jdk-client-2] (AdminGlobalUrlHandler.java:117) Installing application /flatlaf
2021-05-17 01:49:46,468 INFO  [ tyrus-jdk-client-2] (AdminGlobalUrlHandler.java:117) Installing application /netbeans
2021-05-17 01:49:46,610 INFO  [ tyrus-jdk-client-2] (AdminGlobalUrlHandler.java:117) Installing application /myapp
2021-05-17 01:51:21,575 ERROR [ tyrus-jdk-client-7] (AdminWebSocketConnectionImpl.java:110) Websocket closed to server [ws://localhost:8080], close code [1006], reason [Closed abnormally.]!
2021-05-17 01:51:21,576 INFO  [ tyrus-jdk-client-7] (AdminGlobalUrlHandler.java:135) Removing application /myapp
2021-05-17 01:51:21,577 INFO  [ tyrus-jdk-client-7] (AdminGlobalUrlHandler.java:135) Removing application /netbeans
2021-05-17 01:51:21,578 INFO  [ tyrus-jdk-client-7] (AdminGlobalUrlHandler.java:135) Removing application /flatlaf
2021-05-17 01:51:21,580 INFO  [ tyrus-jdk-client-7] (AdminWebSocketServiceImpl.java:255) Websocket closed to server id [424b804e-ecff-4657-9311-7549e6751b10], url [ws://localhost:8080]. Reconnect in 5000ms.
2021-05-17 02:21:55,229 INFO  [main] (AdminServlet.java:46) Initializing Webswing Admin Server...
2021-05-17 02:21:56,312 INFO  [main] (AdminInitializer.java:21) Using Temp folder: C:\Users\User\AppData\Local\Temp\release
2021-05-17 02:21:56,319 INFO  [main] (AdminInitializer.java:26) Using Properties file: file:/C:/Users/User/Desktop/webswing-examples-eval-21.1/admin/webswing-admin.properties
2021-05-17 02:21:56,326 ERROR [main] (AdminServlet.java:107) Please change webswing.connection.secret system property to a non-default value in production!
java.lang.IllegalStateException: Please change webswing.connection.secret system property to a non-default value in production!
	at org.webswing.admin.server.AdminServlet.initializeDefaultSystemProperties(AdminServlet.java:107) ~[classes/:?]
	at org.webswing.admin.server.AdminServlet.init(AdminServlet.java:56) ~[classes/:?]
	at javax.servlet.GenericServlet.init(GenericServlet.java:244) ~[WEB-INF_server-lib_javax.servlet-api-3.1.0.jar:3.1.0]
	at org.eclipse.jetty.servlet.ServletHolder.initServlet(ServletHolder.java:624) ~[?:?]
	at org.eclipse.jetty.servlet.ServletHolder.initialize(ServletHolder.java:407) ~[?:?]
	at org.eclipse.jetty.servlet.ServletHandler.lambda$initialize$0(ServletHandler.java:731) ~[?:?]
	at java.util.stream.SortedOps$SizedRefSortingSink.end(Unknown Source) [?:1.8.0_291]
	at java.util.stream.AbstractPipeline.copyInto(Unknown Source) [?:1.8.0_291]
	at java.util.stream.AbstractPipeline.wrapAndCopyInto(Unknown Source) [?:1.8.0_291]
	at java.util.stream.StreamSpliterators$WrappingSpliterator.forEachRemaining(Unknown Source) [?:1.8.0_291]
	at java.util.stream.Streams$ConcatSpliterator.forEachRemaining(Unknown Source) [?:1.8.0_291]
	at java.util.stream.ReferencePipeline$Head.forEach(Unknown Source) [?:1.8.0_291]
	at org.eclipse.jetty.servlet.ServletHandler.initialize(ServletHandler.java:755) [WEB-INF_server-lib_jetty-servlet-9.4.39.v20210325.jar:9.4.39.v20210325]
	at org.eclipse.jetty.servlet.ServletContextHandler.startContext(ServletContextHandler.java:379) [WEB-INF_server-lib_jetty-servlet-9.4.39.v20210325.jar:9.4.39.v20210325]
	at org.eclipse.jetty.webapp.WebAppContext.startWebapp(WebAppContext.java:1449) [WEB-INF_server-lib_jetty-webapp-9.4.39.v20210325.jar:9.4.39.v20210325]
	at org.eclipse.jetty.webapp.WebAppContext.startContext(WebAppContext.java:1414) [WEB-INF_server-lib_jetty-webapp-9.4.39.v20210325.jar:9.4.39.v20210325]
	at org.eclipse.jetty.server.handler.ContextHandler.doStart(ContextHandler.java:911) [WEB-INF_server-lib_jetty-server-9.4.39.v20210325.jar:9.4.39.v20210325]
	at org.eclipse.jetty.servlet.ServletContextHandler.doStart(ServletContextHandler.java:288) [WEB-INF_server-lib_jetty-servlet-9.4.39.v20210325.jar:9.4.39.v20210325]
	at org.eclipse.jetty.webapp.WebAppContext.doStart(WebAppContext.java:524) [WEB-INF_server-lib_jetty-webapp-9.4.39.v20210325.jar:9.4.39.v20210325]
	at org.eclipse.jetty.util.component.AbstractLifeCycle.start(AbstractLifeCycle.java:73) [WEB-INF_server-lib_jetty-util-9.4.39.v20210325.jar:9.4.39.v20210325]
	at org.eclipse.jetty.util.component.ContainerLifeCycle.start(ContainerLifeCycle.java:169) [WEB-INF_server-lib_jetty-util-9.4.39.v20210325.jar:9.4.39.v20210325]
	at org.eclipse.jetty.server.Server.start(Server.java:423) [WEB-INF_server-lib_jetty-server-9.4.39.v20210325.jar:9.4.39.v20210325]
	at org.eclipse.jetty.util.component.ContainerLifeCycle.doStart(ContainerLifeCycle.java:110) [WEB-INF_server-lib_jetty-util-9.4.39.v20210325.jar:9.4.39.v20210325]
	at org.eclipse.jetty.server.handler.AbstractHandler.doStart(AbstractHandler.java:97) [WEB-INF_server-lib_jetty-server-9.4.39.v20210325.jar:9.4.39.v20210325]
	at org.eclipse.jetty.server.Server.doStart(Server.java:387) [WEB-INF_server-lib_jetty-server-9.4.39.v20210325.jar:9.4.39.v20210325]
	at org.eclipse.jetty.util.component.AbstractLifeCycle.start(AbstractLifeCycle.java:73) [WEB-INF_server-lib_jetty-util-9.4.39.v20210325.jar:9.4.39.v20210325]
	at org.webswing.ServerMain.main(ServerMain.java:141) [WEB-INF_server-lib_webswing-server-launcher.jar:?]
	at sun.reflect.NativeMethodAccessorImpl.invoke0(Native Method) ~[?:1.8.0_291]
	at sun.reflect.NativeMethodAccessorImpl.invoke(Unknown Source) ~[?:1.8.0_291]
	at sun.reflect.DelegatingMethodAccessorImpl.invoke(Unknown Source) ~[?:1.8.0_291]
	at java.lang.reflect.Method.invoke(Unknown Source) ~[?:1.8.0_291]
	at main.Main.main(Main.java:105) [webswing-admin-server.war:?]
2021-05-17 02:21:56,402 INFO  [main] (WebSocketUrlLoaderServiceImpl.java:108) Websocket URLs reloaded.
2021-05-17 02:21:56,415 INFO  [main] (DefaultStartupServiceImpl.java:29) Starting service AdminWebSocketServiceImpl
2021-05-17 02:21:56,442 INFO  [Admin Websocket Service Timer] (AdminWebSocketConnectionImpl.java:123) Starting websocket connection to server [ws://localhost:8080].
2021-05-17 02:21:57,430 INFO  [ tyrus-jdk-client-1] (AdminWebSocketConnectionImpl.java:55) Websocket opened to server [ws://localhost:8080]!
2021-05-17 02:22:01,843 INFO  [ tyrus-jdk-client-2] (AdminGlobalUrlHandler.java:117) Installing application /flatlaf
2021-05-17 02:22:02,033 INFO  [ tyrus-jdk-client-2] (AdminGlobalUrlHandler.java:117) Installing application /netbeans
2021-05-17 02:22:02,163 INFO  [ tyrus-jdk-client-2] (AdminGlobalUrlHandler.java:117) Installing application /myapp
2021-05-17 03:39:17,282 ERROR [ tyrus-jdk-client-43] (AdminWebSocketConnectionImpl.java:110) Websocket closed to server [ws://localhost:8080], close code [1006], reason [Closed abnormally.]!
2021-05-17 03:39:17,282 INFO  [ tyrus-jdk-client-43] (AdminGlobalUrlHandler.java:135) Removing application /flatlaf
2021-05-17 03:39:17,283 INFO  [ tyrus-jdk-client-43] (AdminGlobalUrlHandler.java:135) Removing application /netbeans
2021-05-17 03:39:17,283 INFO  [ tyrus-jdk-client-43] (AdminGlobalUrlHandler.java:135) Removing application /myapp
2021-05-17 03:39:17,283 INFO  [ tyrus-jdk-client-43] (AdminWebSocketServiceImpl.java:255) Websocket closed to server id [8d96b6cc-d639-49c0-aed7-82d1e7d53a0e], url [ws://localhost:8080]. Reconnect in 5000ms.
2021-05-17 03:39:19,014 WARN  [Admin Websocket Service Timer] (AdminWebSocketConnectionImpl.java:151) Websocket connection to server [ws://localhost:8080] is not open! Ignoring send message.
2021-05-17 05:39:10,766 INFO  [main] (AdminServlet.java:46) Initializing Webswing Admin Server...
2021-05-17 05:39:11,797 INFO  [main] (AdminInitializer.java:21) Using Temp folder: C:\Users\User\AppData\Local\Temp\release
2021-05-17 05:39:11,807 INFO  [main] (AdminInitializer.java:26) Using Properties file: file:/C:/Users/User/Desktop/webswing-examples-eval-21.1/admin/webswing-admin.properties
2021-05-17 05:39:11,814 ERROR [main] (AdminServlet.java:107) Please change webswing.connection.secret system property to a non-default value in production!
java.lang.IllegalStateException: Please change webswing.connection.secret system property to a non-default value in production!
	at org.webswing.admin.server.AdminServlet.initializeDefaultSystemProperties(AdminServlet.java:107) ~[classes/:?]
	at org.webswing.admin.server.AdminServlet.init(AdminServlet.java:56) ~[classes/:?]
	at javax.servlet.GenericServlet.init(GenericServlet.java:244) ~[WEB-INF_server-lib_javax.servlet-api-3.1.0.jar:3.1.0]
	at org.eclipse.jetty.servlet.ServletHolder.initServlet(ServletHolder.java:624) ~[?:?]
	at org.eclipse.jetty.servlet.ServletHolder.initialize(ServletHolder.java:407) ~[?:?]
	at org.eclipse.jetty.servlet.ServletHandler.lambda$initialize$0(ServletHandler.java:731) ~[?:?]
	at java.util.stream.SortedOps$SizedRefSortingSink.end(Unknown Source) [?:1.8.0_291]
	at java.util.stream.AbstractPipeline.copyInto(Unknown Source) [?:1.8.0_291]
	at java.util.stream.AbstractPipeline.wrapAndCopyInto(Unknown Source) [?:1.8.0_291]
	at java.util.stream.StreamSpliterators$WrappingSpliterator.forEachRemaining(Unknown Source) [?:1.8.0_291]
	at java.util.stream.Streams$ConcatSpliterator.forEachRemaining(Unknown Source) [?:1.8.0_291]
	at java.util.stream.ReferencePipeline$Head.forEach(Unknown Source) [?:1.8.0_291]
	at org.eclipse.jetty.servlet.ServletHandler.initialize(ServletHandler.java:755) [WEB-INF_server-lib_jetty-servlet-9.4.39.v20210325.jar:9.4.39.v20210325]
	at org.eclipse.jetty.servlet.ServletContextHandler.startContext(ServletContextHandler.java:379) [WEB-INF_server-lib_jetty-servlet-9.4.39.v20210325.jar:9.4.39.v20210325]
	at org.eclipse.jetty.webapp.WebAppContext.startWebapp(WebAppContext.java:1449) [WEB-INF_server-lib_jetty-webapp-9.4.39.v20210325.jar:9.4.39.v20210325]
	at org.eclipse.jetty.webapp.WebAppContext.startContext(WebAppContext.java:1414) [WEB-INF_server-lib_jetty-webapp-9.4.39.v20210325.jar:9.4.39.v20210325]
	at org.eclipse.jetty.server.handler.ContextHandler.doStart(ContextHandler.java:911) [WEB-INF_server-lib_jetty-server-9.4.39.v20210325.jar:9.4.39.v20210325]
	at org.eclipse.jetty.servlet.ServletContextHandler.doStart(ServletContextHandler.java:288) [WEB-INF_server-lib_jetty-servlet-9.4.39.v20210325.jar:9.4.39.v20210325]
	at org.eclipse.jetty.webapp.WebAppContext.doStart(WebAppContext.java:524) [WEB-INF_server-lib_jetty-webapp-9.4.39.v20210325.jar:9.4.39.v20210325]
	at org.eclipse.jetty.util.component.AbstractLifeCycle.start(AbstractLifeCycle.java:73) [WEB-INF_server-lib_jetty-util-9.4.39.v20210325.jar:9.4.39.v20210325]
	at org.eclipse.jetty.util.component.ContainerLifeCycle.start(ContainerLifeCycle.java:169) [WEB-INF_server-lib_jetty-util-9.4.39.v20210325.jar:9.4.39.v20210325]
	at org.eclipse.jetty.server.Server.start(Server.java:423) [WEB-INF_server-lib_jetty-server-9.4.39.v20210325.jar:9.4.39.v20210325]
	at org.eclipse.jetty.util.component.ContainerLifeCycle.doStart(ContainerLifeCycle.java:110) [WEB-INF_server-lib_jetty-util-9.4.39.v20210325.jar:9.4.39.v20210325]
	at org.eclipse.jetty.server.handler.AbstractHandler.doStart(AbstractHandler.java:97) [WEB-INF_server-lib_jetty-server-9.4.39.v20210325.jar:9.4.39.v20210325]
	at org.eclipse.jetty.server.Server.doStart(Server.java:387) [WEB-INF_server-lib_jetty-server-9.4.39.v20210325.jar:9.4.39.v20210325]
	at org.eclipse.jetty.util.component.AbstractLifeCycle.start(AbstractLifeCycle.java:73) [WEB-INF_server-lib_jetty-util-9.4.39.v20210325.jar:9.4.39.v20210325]
	at org.webswing.ServerMain.main(ServerMain.java:141) [WEB-INF_server-lib_webswing-server-launcher.jar:?]
	at sun.reflect.NativeMethodAccessorImpl.invoke0(Native Method) ~[?:1.8.0_291]
	at sun.reflect.NativeMethodAccessorImpl.invoke(Unknown Source) ~[?:1.8.0_291]
	at sun.reflect.DelegatingMethodAccessorImpl.invoke(Unknown Source) ~[?:1.8.0_291]
	at java.lang.reflect.Method.invoke(Unknown Source) ~[?:1.8.0_291]
	at main.Main.main(Main.java:105) [webswing-admin-server.war:?]
2021-05-17 05:39:11,887 INFO  [main] (WebSocketUrlLoaderServiceImpl.java:108) Websocket URLs reloaded.
2021-05-17 05:39:11,900 INFO  [main] (DefaultStartupServiceImpl.java:29) Starting service AdminWebSocketServiceImpl
2021-05-17 05:39:11,928 INFO  [Admin Websocket Service Timer] (AdminWebSocketConnectionImpl.java:123) Starting websocket connection to server [ws://localhost:8080].
2021-05-17 05:39:42,560 ERROR [Admin Websocket Service Timer] (AdminWebSocketServiceImpl.java:206) Failed to connect websocket to server [ws://localhost:8080]! Failed to connect to websocket
2021-05-17 05:39:42,561 INFO  [Admin Websocket Service Timer] (AdminWebSocketServiceImpl.java:255) Websocket closed to server id [null], url [ws://localhost:8080]. Reconnect in 5000ms.
2021-05-17 05:39:42,563 WARN  [Admin Websocket Service Timer] (AdminWebSocketConnectionImpl.java:151) Websocket connection to server [ws://localhost:8080] is not open! Ignoring send message.
2021-05-17 05:39:47,572 WARN  [Admin Websocket Service Timer] (AdminWebSocketConnectionImpl.java:151) Websocket connection to server [ws://localhost:8080] is not open! Ignoring send message.
2021-05-17 05:39:47,572 INFO  [Admin Websocket Service Timer] (AdminWebSocketConnectionImpl.java:123) Starting websocket connection to server [ws://localhost:8080].
2021-05-17 05:39:47,741 INFO  [ tyrus-jdk-client-4] (AdminWebSocketConnectionImpl.java:55) Websocket opened to server [ws://localhost:8080]!
2021-05-17 05:39:53,134 INFO  [ tyrus-jdk-client-4] (AdminGlobalUrlHandler.java:117) Installing application /flatlaf
2021-05-17 05:39:53,293 INFO  [ tyrus-jdk-client-4] (AdminGlobalUrlHandler.java:117) Installing application /netbeans
2021-05-17 05:39:53,430 INFO  [ tyrus-jdk-client-4] (AdminGlobalUrlHandler.java:117) Installing application /myapp
2021-05-17 13:46:39,695 ERROR [qtp13452226-93] (DefaultRestUrlHandlerImpl.java:318) Rest exception: org.webswing.server.model.exception.WsException: User 'null' is not allowed to execute action 'master_basic_access'
org.webswing.admin.server.services.rest.resources.RestException: org.webswing.server.model.exception.WsException: User 'null' is not allowed to execute action 'master_basic_access'
	at org.webswing.admin.server.services.rest.resources.GlobalRestService.getPermissions(GlobalRestService.java:159) ~[classes/:?]
	at sun.reflect.NativeMethodAccessorImpl.invoke0(Native Method) ~[?:1.8.0_291]
	at sun.reflect.NativeMethodAccessorImpl.invoke(Unknown Source) ~[?:1.8.0_291]
	at sun.reflect.DelegatingMethodAccessorImpl.invoke(Unknown Source) ~[?:1.8.0_291]
	at java.lang.reflect.Method.invoke(Unknown Source) ~[?:1.8.0_291]
	at org.glassfish.jersey.server.model.internal.ResourceMethodInvocationHandlerFactory.lambda$static$0(ResourceMethodInvocationHandlerFactory.java:52) ~[jersey-server-2.31.jar:?]
	at org.glassfish.jersey.server.model.internal.AbstractJavaResourceMethodDispatcher$1.run(AbstractJavaResourceMethodDispatcher.java:124) ~[jersey-server-2.31.jar:?]
	at org.glassfish.jersey.server.model.internal.AbstractJavaResourceMethodDispatcher.invoke(AbstractJavaResourceMethodDispatcher.java:167) ~[jersey-server-2.31.jar:?]
	at org.glassfish.jersey.server.model.internal.JavaResourceMethodDispatcherProvider$TypeOutInvoker.doDispatch(JavaResourceMethodDispatcherProvider.java:219) ~[jersey-server-2.31.jar:?]
	at org.glassfish.jersey.server.model.internal.AbstractJavaResourceMethodDispatcher.dispatch(AbstractJavaResourceMethodDispatcher.java:79) ~[jersey-server-2.31.jar:?]
	at org.glassfish.jersey.server.model.ResourceMethodInvoker.invoke(ResourceMethodInvoker.java:469) ~[jersey-server-2.31.jar:?]
	at org.glassfish.jersey.server.model.ResourceMethodInvoker.apply(ResourceMethodInvoker.java:391) ~[jersey-server-2.31.jar:?]
	at org.glassfish.jersey.server.model.ResourceMethodInvoker.apply(ResourceMethodInvoker.java:80) ~[jersey-server-2.31.jar:?]
	at org.glassfish.jersey.server.ServerRuntime$1.run(ServerRuntime.java:253) ~[jersey-server-2.31.jar:?]
	at org.glassfish.jersey.internal.Errors$1.call(Errors.java:248) ~[jersey-common-2.31.jar:?]
	at org.glassfish.jersey.internal.Errors$1.call(Errors.java:244) ~[jersey-common-2.31.jar:?]
	at org.glassfish.jersey.internal.Errors.process(Errors.java:292) ~[jersey-common-2.31.jar:?]
	at org.glassfish.jersey.internal.Errors.process(Errors.java:274) ~[jersey-common-2.31.jar:?]
	at org.glassfish.jersey.internal.Errors.process(Errors.java:244) ~[jersey-common-2.31.jar:?]
	at org.glassfish.jersey.process.internal.RequestScope.runInScope(RequestScope.java:265) ~[jersey-common-2.31.jar:?]
	at org.glassfish.jersey.server.ServerRuntime.process(ServerRuntime.java:232) ~[jersey-server-2.31.jar:?]
	at org.glassfish.jersey.server.ApplicationHandler.handle(ApplicationHandler.java:680) ~[jersey-server-2.31.jar:?]
	at org.webswing.admin.server.services.rest.impl.DefaultRestUrlHandlerImpl.serve(DefaultRestUrlHandlerImpl.java:116) ~[classes/:?]
	at org.webswing.admin.server.base.AbstractUrlHandler.serve(AbstractUrlHandler.java:69) ~[classes/:?]
	at org.webswing.admin.server.base.AdminPrimaryUrlHandler.serve(AdminPrimaryUrlHandler.java:49) ~[classes/:?]
	at org.webswing.admin.server.AdminGlobalUrlHandler.serve(AdminGlobalUrlHandler.java:74) ~[classes/:?]
	at org.webswing.admin.server.base.AbstractUrlHandler.secureServe(AbstractUrlHandler.java:80) ~[classes/:?]
	at org.webswing.admin.server.services.security.impl.AdminSecurityManagerServiceImpl.lambda$secure$0(AdminSecurityManagerServiceImpl.java:31) ~[classes/:?]
	at org.webswing.admin.server.services.security.impl.AdminSecuritySubject.execute(AdminSecuritySubject.java:82) ~[classes/:?]
	at org.webswing.admin.server.services.security.impl.AdminSecurityManagerServiceImpl.secure(AdminSecurityManagerServiceImpl.java:31) ~[classes/:?]
	at org.webswing.admin.server.AdminServlet.handleRequest(AdminServlet.java:112) ~[classes/:?]
	at org.webswing.admin.server.AdminServlet.doGet(AdminServlet.java:156) ~[classes/:?]
	at javax.servlet.http.HttpServlet.service(HttpServlet.java:687) ~[WEB-INF_server-lib_javax.servlet-api-3.1.0.jar:3.1.0]
	at javax.servlet.http.HttpServlet.service(HttpServlet.java:790) ~[WEB-INF_server-lib_javax.servlet-api-3.1.0.jar:3.1.0]
	at org.eclipse.jetty.servlet.ServletHolder.handle(ServletHolder.java:791) ~[WEB-INF_server-lib_jetty-servlet-9.4.39.v20210325.jar:9.4.39.v20210325]
	at org.eclipse.jetty.servlet.ServletHandler$ChainEnd.doFilter(ServletHandler.java:1626) ~[WEB-INF_server-lib_jetty-servlet-9.4.39.v20210325.jar:9.4.39.v20210325]
	at org.eclipse.jetty.websocket.server.WebSocketUpgradeFilter.doFilter(WebSocketUpgradeFilter.java:228) ~[WEB-INF_server-lib_websocket-server-9.4.39.v20210325.jar:9.4.39.v20210325]
	at org.eclipse.jetty.servlet.FilterHolder.doFilter(FilterHolder.java:193) ~[WEB-INF_server-lib_jetty-servlet-9.4.39.v20210325.jar:9.4.39.v20210325]
	at org.eclipse.jetty.servlet.ServletHandler$Chain.doFilter(ServletHandler.java:1601) ~[WEB-INF_server-lib_jetty-servlet-9.4.39.v20210325.jar:9.4.39.v20210325]
	at org.eclipse.jetty.servlet.ServletHandler.doHandle(ServletHandler.java:548) ~[WEB-INF_server-lib_jetty-servlet-9.4.39.v20210325.jar:9.4.39.v20210325]
	at org.eclipse.jetty.server.handler.ScopedHandler.handle(ScopedHandler.java:143) ~[WEB-INF_server-lib_jetty-server-9.4.39.v20210325.jar:9.4.39.v20210325]
	at org.eclipse.jetty.security.SecurityHandler.handle(SecurityHandler.java:602) ~[WEB-INF_server-lib_jetty-security-9.4.39.v20210325.jar:9.4.39.v20210325]
	at org.eclipse.jetty.server.handler.HandlerWrapper.handle(HandlerWrapper.java:127) ~[WEB-INF_server-lib_jetty-server-9.4.39.v20210325.jar:9.4.39.v20210325]
	at org.eclipse.jetty.server.handler.ScopedHandler.nextHandle(ScopedHandler.java:235) ~[WEB-INF_server-lib_jetty-server-9.4.39.v20210325.jar:9.4.39.v20210325]
	at org.eclipse.jetty.server.session.SessionHandler.doHandle(SessionHandler.java:1624) ~[WEB-INF_server-lib_jetty-server-9.4.39.v20210325.jar:9.4.39.v20210325]
	at org.eclipse.jetty.server.handler.ScopedHandler.nextHandle(ScopedHandler.java:233) ~[WEB-INF_server-lib_jetty-server-9.4.39.v20210325.jar:9.4.39.v20210325]
	at org.eclipse.jetty.server.handler.ContextHandler.doHandle(ContextHandler.java:1435) ~[WEB-INF_server-lib_jetty-server-9.4.39.v20210325.jar:9.4.39.v20210325]
	at org.eclipse.jetty.server.handler.ScopedHandler.nextScope(ScopedHandler.java:188) ~[WEB-INF_server-lib_jetty-server-9.4.39.v20210325.jar:9.4.39.v20210325]
	at org.eclipse.jetty.servlet.ServletHandler.doScope(ServletHandler.java:501) ~[WEB-INF_server-lib_jetty-servlet-9.4.39.v20210325.jar:9.4.39.v20210325]
	at org.eclipse.jetty.server.session.SessionHandler.doScope(SessionHandler.java:1594) ~[WEB-INF_server-lib_jetty-server-9.4.39.v20210325.jar:9.4.39.v20210325]
	at org.eclipse.jetty.server.handler.ScopedHandler.nextScope(ScopedHandler.java:186) ~[WEB-INF_server-lib_jetty-server-9.4.39.v20210325.jar:9.4.39.v20210325]
	at org.eclipse.jetty.server.handler.ContextHandler.doScope(ContextHandler.java:1350) ~[WEB-INF_server-lib_jetty-server-9.4.39.v20210325.jar:9.4.39.v20210325]
	at org.eclipse.jetty.server.handler.ScopedHandler.handle(ScopedHandler.java:141) ~[WEB-INF_server-lib_jetty-server-9.4.39.v20210325.jar:9.4.39.v20210325]
	at org.eclipse.jetty.server.handler.HandlerWrapper.handle(HandlerWrapper.java:127) ~[WEB-INF_server-lib_jetty-server-9.4.39.v20210325.jar:9.4.39.v20210325]
	at org.eclipse.jetty.server.Server.handle(Server.java:516) ~[WEB-INF_server-lib_jetty-server-9.4.39.v20210325.jar:9.4.39.v20210325]
	at org.eclipse.jetty.server.HttpChannel.lambda$handle$1(HttpChannel.java:388) ~[WEB-INF_server-lib_jetty-server-9.4.39.v20210325.jar:9.4.39.v20210325]
	at org.eclipse.jetty.server.HttpChannel.dispatch(HttpChannel.java:633) [WEB-INF_server-lib_jetty-server-9.4.39.v20210325.jar:9.4.39.v20210325]
	at org.eclipse.jetty.server.HttpChannel.handle(HttpChannel.java:380) [WEB-INF_server-lib_jetty-server-9.4.39.v20210325.jar:9.4.39.v20210325]
	at org.eclipse.jetty.server.HttpConnection.onFillable(HttpConnection.java:279) [WEB-INF_server-lib_jetty-server-9.4.39.v20210325.jar:9.4.39.v20210325]
	at org.eclipse.jetty.io.AbstractConnection$ReadCallback.succeeded(AbstractConnection.java:311) [WEB-INF_server-lib_jetty-io-9.4.39.v20210325.jar:9.4.39.v20210325]
	at org.eclipse.jetty.io.FillInterest.fillable(FillInterest.java:105) [WEB-INF_server-lib_jetty-io-9.4.39.v20210325.jar:9.4.39.v20210325]
	at org.eclipse.jetty.io.ChannelEndPoint$1.run(ChannelEndPoint.java:104) [WEB-INF_server-lib_jetty-io-9.4.39.v20210325.jar:9.4.39.v20210325]
	at org.eclipse.jetty.util.thread.strategy.EatWhatYouKill.runTask(EatWhatYouKill.java:336) [WEB-INF_server-lib_jetty-util-9.4.39.v20210325.jar:9.4.39.v20210325]
	at org.eclipse.jetty.util.thread.strategy.EatWhatYouKill.doProduce(EatWhatYouKill.java:313) [WEB-INF_server-lib_jetty-util-9.4.39.v20210325.jar:9.4.39.v20210325]
	at org.eclipse.jetty.util.thread.strategy.EatWhatYouKill.tryProduce(EatWhatYouKill.java:171) [WEB-INF_server-lib_jetty-util-9.4.39.v20210325.jar:9.4.39.v20210325]
	at org.eclipse.jetty.util.thread.strategy.EatWhatYouKill.run(EatWhatYouKill.java:129) [WEB-INF_server-lib_jetty-util-9.4.39.v20210325.jar:9.4.39.v20210325]
	at org.eclipse.jetty.util.thread.ReservedThreadExecutor$ReservedThread.run(ReservedThreadExecutor.java:383) [WEB-INF_server-lib_jetty-util-9.4.39.v20210325.jar:9.4.39.v20210325]
	at org.eclipse.jetty.util.thread.QueuedThreadPool.runJob(QueuedThreadPool.java:882) [WEB-INF_server-lib_jetty-util-9.4.39.v20210325.jar:9.4.39.v20210325]
	at org.eclipse.jetty.util.thread.QueuedThreadPool$Runner.run(QueuedThreadPool.java:1036) [WEB-INF_server-lib_jetty-util-9.4.39.v20210325.jar:9.4.39.v20210325]
	at java.lang.Thread.run(Unknown Source) [?:1.8.0_291]
Caused by: org.webswing.server.model.exception.WsException: User 'null' is not allowed to execute action 'master_basic_access'
	at org.webswing.admin.server.base.AbstractUrlHandler.checkPermission(AbstractUrlHandler.java:214) ~[classes/:?]
	at org.webswing.admin.server.base.AbstractUrlHandler.checkMasterPermission(AbstractUrlHandler.java:196) ~[classes/:?]
	at org.webswing.admin.server.services.rest.resources.GlobalRestService.getPermissions(GlobalRestService.java:149) ~[classes/:?]
	... 69 more
2021-05-17 14:00:40,071 ERROR [ tyrus-jdk-client-68] (AdminWebSocketConnectionImpl.java:110) Websocket closed to server [ws://localhost:8080], close code [1006], reason [Closed abnormally.]!
2021-05-17 14:00:40,072 INFO  [ tyrus-jdk-client-68] (AdminGlobalUrlHandler.java:135) Removing application /myapp
2021-05-17 14:00:40,072 INFO  [ tyrus-jdk-client-68] (AdminGlobalUrlHandler.java:135) Removing application /netbeans
2021-05-17 14:00:40,073 INFO  [ tyrus-jdk-client-68] (AdminGlobalUrlHandler.java:135) Removing application /flatlaf
2021-05-17 14:00:40,073 INFO  [ tyrus-jdk-client-68] (AdminWebSocketServiceImpl.java:255) Websocket closed to server id [c5f52e1d-ad3f-4e9e-a998-0c06b336fcc1], url [ws://localhost:8080]. Reconnect in 5000ms.
2021-05-17 14:01:18,205 INFO  [main] (AdminServlet.java:46) Initializing Webswing Admin Server...
2021-05-17 14:01:19,209 INFO  [main] (AdminInitializer.java:21) Using Temp folder: C:\Users\User\AppData\Local\Temp\release
2021-05-17 14:01:19,218 INFO  [main] (AdminInitializer.java:26) Using Properties file: file:/C:/Users/User/Desktop/webswing-examples-eval-21.1/admin/webswing-admin.properties
2021-05-17 14:01:19,225 ERROR [main] (AdminServlet.java:107) Please change webswing.connection.secret system property to a non-default value in production!
java.lang.IllegalStateException: Please change webswing.connection.secret system property to a non-default value in production!
	at org.webswing.admin.server.AdminServlet.initializeDefaultSystemProperties(AdminServlet.java:107) ~[classes/:?]
	at org.webswing.admin.server.AdminServlet.init(AdminServlet.java:56) ~[classes/:?]
	at javax.servlet.GenericServlet.init(GenericServlet.java:244) ~[WEB-INF_server-lib_javax.servlet-api-3.1.0.jar:3.1.0]
	at org.eclipse.jetty.servlet.ServletHolder.initServlet(ServletHolder.java:624) ~[?:?]
	at org.eclipse.jetty.servlet.ServletHolder.initialize(ServletHolder.java:407) ~[?:?]
	at org.eclipse.jetty.servlet.ServletHandler.lambda$initialize$0(ServletHandler.java:731) ~[?:?]
	at java.util.stream.SortedOps$SizedRefSortingSink.end(Unknown Source) [?:1.8.0_291]
	at java.util.stream.AbstractPipeline.copyInto(Unknown Source) [?:1.8.0_291]
	at java.util.stream.AbstractPipeline.wrapAndCopyInto(Unknown Source) [?:1.8.0_291]
	at java.util.stream.StreamSpliterators$WrappingSpliterator.forEachRemaining(Unknown Source) [?:1.8.0_291]
	at java.util.stream.Streams$ConcatSpliterator.forEachRemaining(Unknown Source) [?:1.8.0_291]
	at java.util.stream.ReferencePipeline$Head.forEach(Unknown Source) [?:1.8.0_291]
	at org.eclipse.jetty.servlet.ServletHandler.initialize(ServletHandler.java:755) [WEB-INF_server-lib_jetty-servlet-9.4.39.v20210325.jar:9.4.39.v20210325]
	at org.eclipse.jetty.servlet.ServletContextHandler.startContext(ServletContextHandler.java:379) [WEB-INF_server-lib_jetty-servlet-9.4.39.v20210325.jar:9.4.39.v20210325]
	at org.eclipse.jetty.webapp.WebAppContext.startWebapp(WebAppContext.java:1449) [WEB-INF_server-lib_jetty-webapp-9.4.39.v20210325.jar:9.4.39.v20210325]
	at org.eclipse.jetty.webapp.WebAppContext.startContext(WebAppContext.java:1414) [WEB-INF_server-lib_jetty-webapp-9.4.39.v20210325.jar:9.4.39.v20210325]
	at org.eclipse.jetty.server.handler.ContextHandler.doStart(ContextHandler.java:911) [WEB-INF_server-lib_jetty-server-9.4.39.v20210325.jar:9.4.39.v20210325]
	at org.eclipse.jetty.servlet.ServletContextHandler.doStart(ServletContextHandler.java:288) [WEB-INF_server-lib_jetty-servlet-9.4.39.v20210325.jar:9.4.39.v20210325]
	at org.eclipse.jetty.webapp.WebAppContext.doStart(WebAppContext.java:524) [WEB-INF_server-lib_jetty-webapp-9.4.39.v20210325.jar:9.4.39.v20210325]
	at org.eclipse.jetty.util.component.AbstractLifeCycle.start(AbstractLifeCycle.java:73) [WEB-INF_server-lib_jetty-util-9.4.39.v20210325.jar:9.4.39.v20210325]
	at org.eclipse.jetty.util.component.ContainerLifeCycle.start(ContainerLifeCycle.java:169) [WEB-INF_server-lib_jetty-util-9.4.39.v20210325.jar:9.4.39.v20210325]
	at org.eclipse.jetty.server.Server.start(Server.java:423) [WEB-INF_server-lib_jetty-server-9.4.39.v20210325.jar:9.4.39.v20210325]
	at org.eclipse.jetty.util.component.ContainerLifeCycle.doStart(ContainerLifeCycle.java:110) [WEB-INF_server-lib_jetty-util-9.4.39.v20210325.jar:9.4.39.v20210325]
	at org.eclipse.jetty.server.handler.AbstractHandler.doStart(AbstractHandler.java:97) [WEB-INF_server-lib_jetty-server-9.4.39.v20210325.jar:9.4.39.v20210325]
	at org.eclipse.jetty.server.Server.doStart(Server.java:387) [WEB-INF_server-lib_jetty-server-9.4.39.v20210325.jar:9.4.39.v20210325]
	at org.eclipse.jetty.util.component.AbstractLifeCycle.start(AbstractLifeCycle.java:73) [WEB-INF_server-lib_jetty-util-9.4.39.v20210325.jar:9.4.39.v20210325]
	at org.webswing.ServerMain.main(ServerMain.java:141) [WEB-INF_server-lib_webswing-server-launcher.jar:?]
	at sun.reflect.NativeMethodAccessorImpl.invoke0(Native Method) ~[?:1.8.0_291]
	at sun.reflect.NativeMethodAccessorImpl.invoke(Unknown Source) ~[?:1.8.0_291]
	at sun.reflect.DelegatingMethodAccessorImpl.invoke(Unknown Source) ~[?:1.8.0_291]
	at java.lang.reflect.Method.invoke(Unknown Source) ~[?:1.8.0_291]
	at main.Main.main(Main.java:105) [webswing-admin-server.war:?]
2021-05-17 14:01:19,298 INFO  [main] (WebSocketUrlLoaderServiceImpl.java:108) Websocket URLs reloaded.
2021-05-17 14:01:19,312 INFO  [main] (DefaultStartupServiceImpl.java:29) Starting service AdminWebSocketServiceImpl
2021-05-17 14:01:19,339 INFO  [Admin Websocket Service Timer] (AdminWebSocketConnectionImpl.java:123) Starting websocket connection to server [ws://localhost:8080].
2021-05-17 14:01:21,121 INFO  [ tyrus-jdk-client-1] (AdminWebSocketConnectionImpl.java:55) Websocket opened to server [ws://localhost:8080]!
2021-05-17 14:01:24,814 INFO  [ tyrus-jdk-client-2] (AdminGlobalUrlHandler.java:117) Installing application /flatlaf
2021-05-17 14:01:24,973 INFO  [ tyrus-jdk-client-2] (AdminGlobalUrlHandler.java:117) Installing application /netbeans
2021-05-17 14:01:25,140 INFO  [ tyrus-jdk-client-2] (AdminGlobalUrlHandler.java:117) Installing application /myapp
2021-05-17 14:02:59,624 ERROR [ tyrus-jdk-client-4] (AdminWebSocketConnectionImpl.java:110) Websocket closed to server [ws://localhost:8080], close code [1006], reason [Closed abnormally.]!
2021-05-17 14:02:59,625 INFO  [ tyrus-jdk-client-4] (AdminGlobalUrlHandler.java:135) Removing application /netbeans
2021-05-17 14:02:59,626 INFO  [ tyrus-jdk-client-4] (AdminGlobalUrlHandler.java:135) Removing application /myapp
2021-05-17 14:02:59,626 INFO  [ tyrus-jdk-client-4] (AdminGlobalUrlHandler.java:135) Removing application /flatlaf
2021-05-17 14:02:59,627 INFO  [ tyrus-jdk-client-4] (AdminWebSocketServiceImpl.java:255) Websocket closed to server id [afa5a5c7-9e68-4cf7-b399-d497aeea9586], url [ws://localhost:8080]. Reconnect in 5000ms.
